<?xml version="1.0" encoding="UTF-8" ?>
<testsuite tests="44" failures="2" name="org.apache.commons.lang3.reflect.FieldUtilsTest" time="0.006" errors="0" skipped="0">
  <properties>
    <property name="java.runtime.name" value="OpenJDK Runtime Environment"/>
    <property name="java.vm.version" value="25"/>
    <property name="sun.boot.library.path" value="/opt/homebrew/Cellar/openjdk/25/libexec/openjdk.jdk/Contents/Home/lib"/>
    <property name="maven.multiModuleProjectDirectory" value="/Users/sidiqafekrat/Downloads/codebase-2"/>
    <property name="java.vm.vendor" value="Homebrew"/>
    <property name="java.vendor.url" value="https://github.com/Homebrew/homebrew-core/issues"/>
    <property name="guice.disable.misplaced.annotation.check" value="true"/>
    <property name="path.separator" value=":"/>
    <property name="java.vm.name" value="OpenJDK 64-Bit Server VM"/>
    <property name="user.country" value="US"/>
    <property name="sun.java.launcher" value="SUN_STANDARD"/>
    <property name="stdin.encoding" value="UTF-8"/>
    <property name="java.vm.specification.name" value="Java Virtual Machine Specification"/>
    <property name="user.dir" value="/Users/sidiqafekrat/Downloads/codebase-2"/>
    <property name="java.vm.compressedOopsMode" value="Zero based"/>
    <property name="java.runtime.version" value="25"/>
    <property name="os.arch" value="aarch64"/>
    <property name="java.io.tmpdir" value="/var/folders/96/8x9ps2w52zs_f69wlg_65xpm0000gn/T/"/>
    <property name="line.separator" value="
"/>
    <property name="java.vm.specification.vendor" value="Oracle Corporation"/>
    <property name="stderr.encoding" value="UTF-8"/>
    <property name="os.name" value="Mac OS X"/>
    <property name="classworlds.conf" value="/Users/sidiqafekrat/Library/Application Support/Code/User/globalStorage/pleiades.java-extension-pack-jdk/maven/latest/bin/m2.conf"/>
    <property name="sun.jnu.encoding" value="UTF-8"/>
    <property name="stdout.encoding" value="UTF-8"/>
    <property name="java.library.path" value="/Users/sidiqafekrat/Library/Java/Extensions:/Library/Java/Extensions:/Network/Library/Java/Extensions:/System/Library/Java/Extensions:/usr/lib/java:."/>
    <property name="maven.conf" value="/Users/sidiqafekrat/Library/Application Support/Code/User/globalStorage/pleiades.java-extension-pack-jdk/maven/latest/conf"/>
    <property name="jdk.debug" value="release"/>
    <property name="java.class.version" value="69.0"/>
    <property name="java.specification.name" value="Java Platform API Specification"/>
    <property name="sun.management.compiler" value="HotSpot 64-Bit Tiered Compilers"/>
    <property name="os.version" value="15.6.1"/>
    <property name="library.jansi.path" value="/Users/sidiqafekrat/Library/Application Support/Code/User/globalStorage/pleiades.java-extension-pack-jdk/maven/latest/lib/jansi-native"/>
    <property name="http.nonProxyHosts" value="local|*.local|169.254/16|*.169.254/16"/>
    <property name="user.home" value="/Users/sidiqafekrat"/>
    <property name="user.timezone" value="America/Chicago"/>
    <property name="file.encoding" value="UTF-8"/>
    <property name="java.specification.version" value="25"/>
    <property name="user.name" value="sidiqafekrat"/>
    <property name="java.class.path" value="/Users/sidiqafekrat/Library/Application Support/Code/User/globalStorage/pleiades.java-extension-pack-jdk/maven/latest/boot/plexus-classworlds-2.9.0.jar"/>
    <property name="java.vm.specification.version" value="25"/>
    <property name="sun.arch.data.model" value="64"/>
    <property name="sun.java.command" value="org.codehaus.plexus.classworlds.launcher.Launcher clean test"/>
    <property name="java.home" value="/opt/homebrew/Cellar/openjdk/25/libexec/openjdk.jdk/Contents/Home"/>
    <property name="apple.awt.application.name" value="Launcher"/>
    <property name="user.language" value="en"/>
    <property name="java.specification.vendor" value="Oracle Corporation"/>
    <property name="java.vm.info" value="mixed mode, sharing"/>
    <property name="java.version" value="25"/>
    <property name="native.encoding" value="UTF-8"/>
    <property name="java.vendor" value="Homebrew"/>
    <property name="maven.home" value="/Users/sidiqafekrat/Library/Application Support/Code/User/globalStorage/pleiades.java-extension-pack-jdk/maven/latest"/>
    <property name="file.separator" value="/"/>
    <property name="java.version.date" value="2025-09-16"/>
    <property name="java.vendor.url.bug" value="https://github.com/Homebrew/homebrew-core/issues"/>
    <property name="sun.io.unicode.encoding" value="UnicodeBig"/>
    <property name="sun.cpu.endian" value="little"/>
    <property name="java.vendor.version" value="Homebrew"/>
    <property name="socksNonProxyHosts" value="local|*.local|169.254/16|*.169.254/16"/>
    <property name="ftp.nonProxyHosts" value="local|*.local|169.254/16|*.169.254/16"/>
  </properties>
  <testcase classname="org.apache.commons.lang3.reflect.FieldUtilsTest" name="testReadStaticFieldForceAccess" time="0.001"/>
  <testcase classname="org.apache.commons.lang3.reflect.FieldUtilsTest" name="testGetAllFieldsList" time="0">
    <failure message="expected:&lt;5&gt; but was:&lt;7&gt;" type="java.lang.AssertionError">java.lang.AssertionError: expected:&lt;5&gt; but was:&lt;7&gt;
	at org.junit.Assert.fail(Assert.java:88)
	at org.junit.Assert.failNotEquals(Assert.java:743)
	at org.junit.Assert.assertEquals(Assert.java:118)
	at org.junit.Assert.assertEquals(Assert.java:555)
	at org.junit.Assert.assertEquals(Assert.java:542)
	at org.apache.commons.lang3.reflect.FieldUtilsTest.testGetAllFieldsList(FieldUtilsTest.java:167)
</failure>
  </testcase>
  <testcase classname="org.apache.commons.lang3.reflect.FieldUtilsTest" name="testReadDeclaredNamedField" time="0.001"/>
  <testcase classname="org.apache.commons.lang3.reflect.FieldUtilsTest" name="testReadNamedStaticField" time="0"/>
  <testcase classname="org.apache.commons.lang3.reflect.FieldUtilsTest" name="testReadDeclaredNamedStaticFieldForceAccess" time="0"/>
  <testcase classname="org.apache.commons.lang3.reflect.FieldUtilsTest" name="testReadDeclaredNamedFieldForceAccess" time="0"/>
  <testcase classname="org.apache.commons.lang3.reflect.FieldUtilsTest" name="testGetField" time="0"/>
  <testcase classname="org.apache.commons.lang3.reflect.FieldUtilsTest" name="testGetFieldIllegalArgumentException1" time="0"/>
  <testcase classname="org.apache.commons.lang3.reflect.FieldUtilsTest" name="testGetFieldIllegalArgumentException2" time="0"/>
  <testcase classname="org.apache.commons.lang3.reflect.FieldUtilsTest" name="testReadDeclaredNamedStaticField" time="0"/>
  <testcase classname="org.apache.commons.lang3.reflect.FieldUtilsTest" name="testWriteField" time="0.001"/>
  <testcase classname="org.apache.commons.lang3.reflect.FieldUtilsTest" name="testWriteNamedStaticFieldForceAccess" time="0"/>
  <testcase classname="org.apache.commons.lang3.reflect.FieldUtilsTest" name="testGetDeclaredFieldForceAccessIllegalArgumentException1" time="0"/>
  <testcase classname="org.apache.commons.lang3.reflect.FieldUtilsTest" name="testGetDeclaredFieldForceAccessIllegalArgumentException2" time="0"/>
  <testcase classname="org.apache.commons.lang3.reflect.FieldUtilsTest" name="testWriteFieldForceAccess" time="0"/>
  <testcase classname="org.apache.commons.lang3.reflect.FieldUtilsTest" name="testAmbig" time="0"/>
  <testcase classname="org.apache.commons.lang3.reflect.FieldUtilsTest" name="testReadStaticFieldForceAccessIllegalArgumentException1" time="0"/>
  <testcase classname="org.apache.commons.lang3.reflect.FieldUtilsTest" name="testReadStaticFieldForceAccessIllegalArgumentException2" time="0.002"/>
  <testcase classname="org.apache.commons.lang3.reflect.FieldUtilsTest" name="testWriteNamedField" time="0"/>
  <testcase classname="org.apache.commons.lang3.reflect.FieldUtilsTest" name="testWriteDeclaredNamedFieldForceAccess" time="0"/>
  <testcase classname="org.apache.commons.lang3.reflect.FieldUtilsTest" name="testWriteDeclaredNamedStaticField" time="0"/>
  <testcase classname="org.apache.commons.lang3.reflect.FieldUtilsTest" name="testReadNamedField" time="0"/>
  <testcase classname="org.apache.commons.lang3.reflect.FieldUtilsTest" name="testReadStaticFieldIllegalArgumentException1" time="0"/>
  <testcase classname="org.apache.commons.lang3.reflect.FieldUtilsTest" name="testReadStaticFieldIllegalArgumentException2" time="0"/>
  <testcase classname="org.apache.commons.lang3.reflect.FieldUtilsTest" name="testGetFieldForceAccess" time="0"/>
  <testcase classname="org.apache.commons.lang3.reflect.FieldUtilsTest" name="testReadField" time="0"/>
  <testcase classname="org.apache.commons.lang3.reflect.FieldUtilsTest" name="testWriteNamedStaticField" time="0"/>
  <testcase classname="org.apache.commons.lang3.reflect.FieldUtilsTest" name="testWriteStaticFieldForceAccess" time="0"/>
  <testcase classname="org.apache.commons.lang3.reflect.FieldUtilsTest" name="testWriteStaticField" time="0"/>
  <testcase classname="org.apache.commons.lang3.reflect.FieldUtilsTest" name="testGetFieldForceAccessIllegalArgumentException1" time="0.001"/>
  <testcase classname="org.apache.commons.lang3.reflect.FieldUtilsTest" name="testGetFieldForceAccessIllegalArgumentException2" time="0"/>
  <testcase classname="org.apache.commons.lang3.reflect.FieldUtilsTest" name="testWriteNamedFieldForceAccess" time="0"/>
  <testcase classname="org.apache.commons.lang3.reflect.FieldUtilsTest" name="testReadNamedStaticFieldForceAccess" time="0"/>
  <testcase classname="org.apache.commons.lang3.reflect.FieldUtilsTest" name="testGetAllFields" time="0">
    <failure message="expected:&lt;5&gt; but was:&lt;7&gt;" type="java.lang.AssertionError">java.lang.AssertionError: expected:&lt;5&gt; but was:&lt;7&gt;
	at org.junit.Assert.fail(Assert.java:88)
	at org.junit.Assert.failNotEquals(Assert.java:743)
	at org.junit.Assert.assertEquals(Assert.java:118)
	at org.junit.Assert.assertEquals(Assert.java:555)
	at org.junit.Assert.assertEquals(Assert.java:542)
	at org.apache.commons.lang3.reflect.FieldUtilsTest.testGetAllFields(FieldUtilsTest.java:147)
</failure>
  </testcase>
  <testcase classname="org.apache.commons.lang3.reflect.FieldUtilsTest" name="testReadStaticField" time="0"/>
  <testcase classname="org.apache.commons.lang3.reflect.FieldUtilsTest" name="testGetDeclaredFieldAccessIllegalArgumentException1" time="0"/>
  <testcase classname="org.apache.commons.lang3.reflect.FieldUtilsTest" name="testGetDeclaredFieldAccessIllegalArgumentException2" time="0"/>
  <testcase classname="org.apache.commons.lang3.reflect.FieldUtilsTest" name="testWriteDeclaredNamedStaticFieldForceAccess" time="0"/>
  <testcase classname="org.apache.commons.lang3.reflect.FieldUtilsTest" name="testWriteDeclaredNamedField" time="0"/>
  <testcase classname="org.apache.commons.lang3.reflect.FieldUtilsTest" name="testGetDeclaredField" time="0"/>
  <testcase classname="org.apache.commons.lang3.reflect.FieldUtilsTest" name="testGetDeclaredFieldForceAccess" time="0"/>
  <testcase classname="org.apache.commons.lang3.reflect.FieldUtilsTest" name="testReadFieldForceAccess" time="0"/>
  <testcase classname="org.apache.commons.lang3.reflect.FieldUtilsTest" name="testReadNamedFieldForceAccess" time="0"/>
  <testcase classname="org.apache.commons.lang3.reflect.FieldUtilsTest" name="testConstructor" time="0"/>
</testsuite>